This is pdfeTeX, Version 3.141592-1.30.6-2.2 (MiKTeX 2.5) (preloaded format=pdflatex 2006.9.11)  18 SEP 2006 17:24
entering extended mode
**D:/csc738/asn01.tex
(D:\csc738\asn01.tex
LaTeX2e <2005/12/01>
Babel <v3.8g> and hyphenation patterns for english, dumylang, nohyphenation, ge
rman, ngerman, french, loaded.
("C:\Program Files\MiKTeX 2.5\tex\latex\base\article.cls"
Document Class: article 2005/09/16 v1.4f Standard LaTeX document class
("C:\Program Files\MiKTeX 2.5\tex\latex\base\size10.clo"
File: size10.clo 2005/09/16 v1.4f Standard LaTeX file (size option)
)
\c@part=\count79
\c@section=\count80
\c@subsection=\count81
\c@subsubsection=\count82
\c@paragraph=\count83
\c@subparagraph=\count84
\c@figure=\count85
\c@table=\count86
\abovecaptionskip=\skip41
\belowcaptionskip=\skip42
\bibindent=\dimen102
)
("C:\Program Files\MiKTeX 2.5\tex\latex\amsmath\amsmath.sty"
Package: amsmath 2000/07/18 v2.13 AMS math features
\@mathmargin=\skip43

For additional information on amsmath, use the `?' option.
("C:\Program Files\MiKTeX 2.5\tex\latex\amsmath\amstext.sty"
Package: amstext 2000/06/29 v2.01

("C:\Program Files\MiKTeX 2.5\tex\latex\amsmath\amsgen.sty"
File: amsgen.sty 1999/11/30 v2.0
\@emptytoks=\toks14
\ex@=\dimen103
))
("C:\Program Files\MiKTeX 2.5\tex\latex\amsmath\amsbsy.sty"
Package: amsbsy 1999/11/29 v1.2d
\pmbraise@=\dimen104
)
("C:\Program Files\MiKTeX 2.5\tex\latex\amsmath\amsopn.sty"
Package: amsopn 1999/12/14 v2.01 operator names
)
\inf@bad=\count87
LaTeX Info: Redefining \frac on input line 211.
\uproot@=\count88
\leftroot@=\count89
LaTeX Info: Redefining \overline on input line 307.
\classnum@=\count90
\DOTSCASE@=\count91
LaTeX Info: Redefining \ldots on input line 379.
LaTeX Info: Redefining \dots on input line 382.
LaTeX Info: Redefining \cdots on input line 467.
\Mathstrutbox@=\box26
\strutbox@=\box27
\big@size=\dimen105
LaTeX Font Info:    Redeclaring font encoding OML on input line 567.
LaTeX Font Info:    Redeclaring font encoding OMS on input line 568.
\macc@depth=\count92
\c@MaxMatrixCols=\count93
\dotsspace@=\muskip10
\c@parentequation=\count94
\dspbrk@lvl=\count95
\tag@help=\toks15
\row@=\count96
\column@=\count97
\maxfields@=\count98
\andhelp@=\toks16
\eqnshift@=\dimen106
\alignsep@=\dimen107
\tagshift@=\dimen108
\tagwidth@=\dimen109
\totwidth@=\dimen110
\lineht@=\dimen111
\@envbody=\toks17
\multlinegap=\skip44
\multlinetaggap=\skip45
\mathdisplay@stack=\toks18
LaTeX Info: Redefining \[ on input line 2666.
LaTeX Info: Redefining \] on input line 2667.
)
("C:\Program Files\MiKTeX 2.5\tex\latex\amsfonts\amssymb.sty"
Package: amssymb 2002/01/22 v2.2d

("C:\Program Files\MiKTeX 2.5\tex\latex\amsfonts\amsfonts.sty"
Package: amsfonts 2001/10/25 v2.2f
\symAMSa=\mathgroup4
\symAMSb=\mathgroup5
LaTeX Font Info:    Overwriting math alphabet `\mathfrak' in version `bold'
(Font)                  U/euf/m/n --> U/euf/b/n on input line 132.
))
("C:\Program Files\MiKTeX 2.5\tex\latex\amscls\amsthm.sty"
Package: amsthm 2004/08/06 v2.20
\thm@style=\toks19
\thm@bodyfont=\toks20
\thm@headfont=\toks21
\thm@notefont=\toks22
\thm@headpunct=\toks23
\thm@preskip=\skip46
\thm@postskip=\skip47
\thm@headsep=\skip48
\dth@everypar=\toks24
)
("C:\Program Files\MiKTeX 2.5\tex\latex\graphics\graphics.sty"
Package: graphics 2006/02/20 v1.0o Standard LaTeX Graphics (DPC,SPQR)

("C:\Program Files\MiKTeX 2.5\tex\latex\graphics\trig.sty"
Package: trig 1999/03/16 v1.09 sin cos tan (DPC)
)
("C:\Program Files\MiKTeX 2.5\tex\latex\00miktex\graphics.cfg"
File: graphics.cfg 2005/12/29 v1.2 MiKTeX 'graphics' configuration
)
Package graphics Info: Driver file: pdftex.def on input line 90.

("C:\Program Files\MiKTeX 2.5\tex\latex\graphics\pdftex.def"
File: pdftex.def 2006/08/14 v0.03t Graphics/color for pdfTeX
\Gread@gobject=\count99
))
("C:\Program Files\MiKTeX 2.5\tex\latex\graphics\graphicx.sty"
Package: graphicx 1999/02/16 v1.0f Enhanced LaTeX Graphics (DPC,SPQR)

("C:\Program Files\MiKTeX 2.5\tex\latex\graphics\keyval.sty"
Package: keyval 1999/03/16 v1.13 key=value parser (DPC)
\KV@toks@=\toks25
)
\Gin@req@height=\dimen112
\Gin@req@width=\dimen113
)
("C:\Program Files\MiKTeX 2.5\tex\latex\hyperref\hyperref.sty"
Package: hyperref 2006/08/16 v6.75c Hypertext links for LaTeX
\@linkdim=\dimen114
\Hy@linkcounter=\count100
\Hy@pagecounter=\count101

("C:\Program Files\MiKTeX 2.5\tex\latex\hyperref\pd1enc.def"
File: pd1enc.def 2006/08/16 v6.75c Hyperref: PDFDocEncoding definition (HO)
)
("C:\Program Files\MiKTeX 2.5\tex\latex\00miktex\hyperref.cfg"
File: hyperref.cfg 2006/02/14 v1.1 MiKTeX 'hyperref' configuration
)
("C:\Program Files\MiKTeX 2.5\tex\latex\oberdiek\kvoptions.sty"
Package: kvoptions 2006/06/01 v2.2 Connects package keyval with LaTeX options (
HO)
)
Package hyperref Info: Hyper figures OFF on input line 2118.
Package hyperref Info: Link nesting OFF on input line 2123.
Package hyperref Info: Hyper index ON on input line 2126.
Package hyperref Info: Plain pages OFF on input line 2133.
Package hyperref Info: Backreferencing OFF on input line 2138.

Implicit mode ON; LaTeX internals redefined
Package hyperref Info: Bookmarks ON on input line 2268.
("C:\Program Files\MiKTeX 2.5\tex\latex\ltxmisc\url.sty"
\Urlmuskip=\muskip11
Package: url 2005/06/27  ver 3.2  Verb mode for urls, etc.
)
LaTeX Info: Redefining \url on input line 2423.
\Fld@menulength=\count102
\Field@Width=\dimen115
\Fld@charsize=\dimen116
\Choice@toks=\toks26
\Field@toks=\toks27
Package hyperref Info: Hyper figures OFF on input line 2901.
Package hyperref Info: Link nesting OFF on input line 2906.
Package hyperref Info: Hyper index ON on input line 2909.
Package hyperref Info: backreferencing OFF on input line 2916.
Package hyperref Info: Link coloring OFF on input line 2921.
\Hy@abspage=\count103
\c@Item=\count104
\c@Hfootnote=\count105
)
*hyperref using default driver hpdftex*
("C:\Program Files\MiKTeX 2.5\tex\latex\hyperref\hpdftex.def"
File: hpdftex.def 2006/08/16 v6.75c Hyperref driver for pdfTeX
\Fld@listcount=\count106
)
("C:\Program Files\MiKTeX 2.5\tex\latex\listings\listings.sty"
\lst@mode=\count107
\lst@gtempboxa=\box28
\lst@token=\toks28
\lst@length=\count108
\lst@currlwidth=\dimen117
\lst@column=\count109
\lst@pos=\count110
\lst@lostspace=\dimen118
\lst@width=\dimen119
\lst@newlines=\count111
\lst@lineno=\count112
\c@lstlisting=\count113
\lst@maxwidth=\dimen120

("C:\Program Files\MiKTeX 2.5\tex\latex\listings\lstpatch.sty"
File: lstpatch.sty 2004/10/17 1.3b (Carsten Heinz)
)
("C:\Program Files\MiKTeX 2.5\tex\latex\listings\lstmisc.sty"
File: lstmisc.sty 2004/09/07 1.3 (Carsten Heinz)
\c@lstnumber=\count114
\lst@skipnumbers=\count115
\lst@framebox=\box29
)
("C:\Program Files\MiKTeX 2.5\tex\latex\listings\listings.cfg"
File: listings.cfg 2004/09/05 1.3 listings configuration
))
Package: listings 2004/10/17 1.3b (Carsten Heinz)
\@indexfile=\write3

Writing index file asn01.idx

LaTeX Warning: Unused global option(s):
    [fullpage].

(asn01.aux)
LaTeX Font Info:    Checking defaults for OML/cmm/m/it on input line 28.
LaTeX Font Info:    ... okay on input line 28.
LaTeX Font Info:    Checking defaults for T1/cmr/m/n on input line 28.
LaTeX Font Info:    ... okay on input line 28.
LaTeX Font Info:    Checking defaults for OT1/cmr/m/n on input line 28.
LaTeX Font Info:    ... okay on input line 28.
LaTeX Font Info:    Checking defaults for OMS/cmsy/m/n on input line 28.
LaTeX Font Info:    ... okay on input line 28.
LaTeX Font Info:    Checking defaults for OMX/cmex/m/n on input line 28.
LaTeX Font Info:    ... okay on input line 28.
LaTeX Font Info:    Checking defaults for U/cmr/m/n on input line 28.
LaTeX Font Info:    ... okay on input line 28.
LaTeX Font Info:    Checking defaults for PD1/pdf/m/n on input line 28.
LaTeX Font Info:    ... okay on input line 28.
 ("C:\Program Files\MiKTeX 2.5\tex\context\base\supp-pdf.tex"
("C:\Program Files\MiKTeX 2.5\tex\context\base\supp-mis.tex"
loading : Context Support Macros / Miscellaneous (2004.10.26)
\protectiondepth=\count116
\scratchcounter=\count117
\scratchtoks=\toks29
\scratchdimen=\dimen121
\scratchskip=\skip49
\scratchmuskip=\muskip12
\scratchbox=\box30
\scratchread=\read1
\scratchwrite=\write4
\zeropoint=\dimen122
\onepoint=\dimen123
\onebasepoint=\dimen124
\minusone=\count118
\thousandpoint=\dimen125
\onerealpoint=\dimen126
\emptytoks=\toks30
\nextbox=\box31
\nextdepth=\dimen127
\everyline=\toks31
\!!counta=\count119
\!!countb=\count120
\recursecounter=\count121
)
loading : Context Support Macros / PDF (2004.03.26)
\nofMPsegments=\count122
\nofMParguments=\count123
\MPscratchCnt=\count124
\MPscratchDim=\dimen128
\MPnumerator=\count125
\everyMPtoPDFconversion=\toks32
)
Package hyperref Info: Link coloring OFF on input line 28.
 ("C:\Program Files\MiKTeX 2.5\tex\latex\hyperref\nameref.sty"
Package: nameref 2006/08/15 v2.26 Cross-referencing by name of section

("C:\Program Files\MiKTeX 2.5\tex\latex\oberdiek\refcount.sty"
Package: refcount 2006/02/20 v3.0 Data extraction from references (HO)
)
\c@section@level=\count126
)
LaTeX Info: Redefining \ref on input line 28.
LaTeX Info: Redefining \pageref on input line 28.
 (asn01.out)
(asn01.out)
\@outlinefile=\write5
LaTeX Font Info:    Try loading font information for U+msa on input line 30.
 ("C:\Program Files\MiKTeX 2.5\tex\latex\amsfonts\umsa.fd"
File: umsa.fd 2002/01/19 v2.2g AMS font definitions
)
LaTeX Font Info:    Try loading font information for U+msb on input line 30.

("C:\Program Files\MiKTeX 2.5\tex\latex\amsfonts\umsb.fd"
File: umsb.fd 2002/01/19 v2.2g AMS font definitions
)
LaTeX Font Info:    Try loading font information for OMS+cmr on input line 30.

("C:\Program Files\MiKTeX 2.5\tex\latex\base\omscmr.fd"
File: omscmr.fd 1999/05/25 v2.5h Standard LaTeX font definitions
)
LaTeX Font Info:    Font shape `OMS/cmr/m/it' in size <9> not available
(Font)              Font shape `OMS/cmsy/m/n' tried instead on input line 30.
LaTeX Font Info:    Font shape `OMS/cmr/m/n' in size <9> not available
(Font)              Font shape `OMS/cmsy/m/n' tried instead on input line 30.
 [1

{psfonts.map}]
[2]
Underfull \hbox (badness 10000) in paragraph at lines 184--185

 []


Underfull \hbox (badness 10000) in paragraph at lines 209--233

 []

[3] [4]
Underfull \hbox (badness 10000) in paragraph at lines 292--298

 []

[5] (asn01.aux) ) 
Here is how much of TeX's memory you used:
 4991 strings out of 95419
 64434 string characters out of 1187298
 130124 words of memory out of 1123584
 7977 multiletter control sequences out of 60000
 11968 words of font info for 47 fonts, out of 1000000 for 2000
 14 hyphenation exceptions out of 8191
 27i,11n,32p,232b,339s stack positions out of 5000i,500n,10000p,200000b,32768s
PDF statistics:
 60 PDF objects out of 300000
 6 named destinations out of 300000
 17 words of extra memory for PDF output out of 10000
<C:/Program Files/MiKTeX 2.5/fonts/type1/bluesky/cm/cmcsc10.pf
b><C:/Program Files/MiKTeX 2.5/fonts/type1/bluesky/cm/cmtt10.pfb><C:/Program Fi
les/MiKTeX 2.5/fonts/type1/bluesky/cm/cmsy10.pfb><C:/Program Files/MiKTeX 2.5/f
onts/type1/bluesky/cm/cmmi10.pfb><C:/Program Files/MiKTeX 2.5/fonts/type1/blues
ky/cm/cmr10.pfb><C:/Program Files/MiKTeX 2.5/fonts/type1/bluesky/cm/cmbx10.pfb>
<C:/Program Files/MiKTeX 2.5/fonts/type1/bluesky/cm/cmti9.pfb><C:/Program Files
/MiKTeX 2.5/fonts/type1/bluesky/cm/cmsy9.pfb><C:/Program Files/MiKTeX 2.5/fonts
/type1/bluesky/cm/cmr9.pfb><C:/Program Files/MiKTeX 2.5/fonts/type1/bluesky/cm/
cmr12.pfb><C:/Program Files/MiKTeX 2.5/fonts/type1/bluesky/cm/cmr17.pfb>
Output written on asn01.pdf (5 pages, 85987 bytes).
